生成启动时间为 2020/7/5 21:49:20。
     1>项目“E:\MyWechat3.0\MyWechat3.0\Client\Client.vcxproj”在节点 2 上(Build 个目标)。
     1>ClCompile:
         C:\Program Files (x86)\Microsoft Visual Studio 11.0\VC\bin\x86_amd64\CL.exe /c /I./Mediator /I./Net /I../Packdef /I../Client /I../ /I./DealDateFactory /I../DealDateFactory /I./DealDateStrategy /I../DealDateStrategy /Zi /nologo /W3 /WX- /sdl /Od /D WIN32 /D _WINDOWS /D _DEBUG /D _MBCS /D _AFXDLL /Gm /EHsc /RTC1 /MDd /GS /fp:precise /Zc:wchar_t /Zc:forScope /Yu"stdafx.h" /Fp"x64\Debug\Client.pch" /Fo"x64\Debug\\" /Fd"x64\Debug\vc110.pdb" /Gd /TP /errorReport:prompt Client.cpp ClientDlg.cpp DealDateFactory\AddFriendRQ.cpp DealDateFactory\AddFriendRS.cpp DealDateFactory\OnLine.cpp DialogChat.cpp DialogChoice.cpp DialogMain.cpp Mediator\TCPMediator.cpp Mediator\UDPMediator.cpp Net\TCPNet.cpp Net\UDPNet.cpp
         DialogChat.cpp
         正在生成代码...
         正在编译...
         UDPNet.cpp
         TCPNet.cpp
     1>Net\TCPNet.cpp(72): warning C4305: “return”: 从“int”到“bool”截断
     1>Net\TCPNet.cpp(78): warning C4305: “return”: 从“int”到“bool”截断
         UDPMediator.cpp
         TCPMediator.cpp
         DialogMain.cpp
         DialogChoice.cpp
         OnLine.cpp
         AddFriendRS.cpp
         AddFriendRQ.cpp
         ClientDlg.cpp
     1>ClientDlg.cpp(226): warning C4172: 返回局部变量或临时变量的地址
         Client.cpp
         正在生成代码...
       Link:
         C:\Program Files (x86)\Microsoft Visual Studio 11.0\VC\bin\x86_amd64\link.exe /ERRORREPORT:PROMPT /OUT:"E:\MyWechat3.0\MyWechat3.0\x64\Debug\Client.exe" /INCREMENTAL /NOLOGO /MANIFEST /MANIFESTUAC:"level='asInvoker' uiAccess='false'" /manifest:embed /manifestinput:"C:\Program Files (x86)\Microsoft Visual Studio 11.0\VC\Include\Manifest\dpiaware.manifest" /DEBUG /PDB:"E:\MyWechat3.0\MyWechat3.0\x64\Debug\Client.pdb" /SUBSYSTEM:WINDOWS /TLBID:1 /DYNAMICBASE /NXCOMPAT /IMPLIB:"E:\MyWechat3.0\MyWechat3.0\x64\Debug\Client.lib" /MACHINE:X64 x64\Debug\Client.res
         x64\Debug\Client.obj
         x64\Debug\ClientDlg.obj
         x64\Debug\AddFriendRQ.obj
         x64\Debug\AddFriendRS.obj
         x64\Debug\OnLine.obj
         x64\Debug\DialogChat.obj
         x64\Debug\DialogChoice.obj
         x64\Debug\DialogMain.obj
         x64\Debug\TCPMediator.obj
         x64\Debug\UDPMediator.obj
         x64\Debug\TCPNet.obj
         x64\Debug\UDPNet.obj
         x64\Debug\stdafx.obj
         Client.vcxproj -> E:\MyWechat3.0\MyWechat3.0\x64\Debug\Client.exe
     1>已完成生成项目“E:\MyWechat3.0\MyWechat3.0\Client\Client.vcxproj”(Build 个目标)的操作。

生成成功。

已用时间 00:00:06.87
