E:\MYWECHAT3.0\MYWECHAT3.0\CLIENT\DEBUG\CLIENT.PCH
E:\MYWECHAT3.0\MYWECHAT3.0\CLIENT\DEBUG\STDAFX.OBJ
E:\MYWECHAT3.0\MYWECHAT3.0\CLIENT\DEBUG\VC110.PDB
E:\MYWECHAT3.0\MYWECHAT3.0\CLIENT\DEBUG\TCPMEDIATOR.OBJ
E:\MYWECHAT3.0\MYWECHAT3.0\CLIENT\DEBUG\UDPMEDIATOR.OBJ
E:\MYWECHAT3.0\MYWECHAT3.0\CLIENT\DEBUG\TCPNET.OBJ
E:\MYWECHAT3.0\MYWECHAT3.0\CLIENT\DEBUG\UDPNET.OBJ
E:\MYWECHAT3.0\MYWECHAT3.0\CLIENT\DEBUG\CLIENT.OBJ
E:\MYWECHAT3.0\MYWECHAT3.0\CLIENT\DEBUG\CLIENTDLG.OBJ
E:\MYWECHAT3.0\MYWECHAT3.0\DEBUG\CLIENT.ILK
E:\MYWECHAT3.0\MYWECHAT3.0\DEBUG\CLIENT.EXE
E:\MYWECHAT3.0\MYWECHAT3.0\DEBUG\CLIENT.PDB
E:\MYWECHAT3.0\MYWECHAT3.0\CLIENT\DEBUG\CLIENT.RES
E:\MyWechat3.0\MyWechat3.0\Client\Debug\Client.obj
E:\MyWechat3.0\MyWechat3.0\Client\Debug\ClientDlg.obj
E:\MyWechat3.0\MyWechat3.0\Client\Debug\stdafx.obj
E:\MyWechat3.0\MyWechat3.0\Client\Debug\TCPMediator.obj
E:\MyWechat3.0\MyWechat3.0\Client\Debug\TCPNet.obj
E:\MyWechat3.0\MyWechat3.0\Client\Debug\UDPMediator.obj
E:\MyWechat3.0\MyWechat3.0\Client\Debug\UDPNet.obj
E:\MyWechat3.0\MyWechat3.0\Client\Debug\cl.command.1.tlog
E:\MyWechat3.0\MyWechat3.0\Client\Debug\CL.read.1.tlog
E:\MyWechat3.0\MyWechat3.0\Client\Debug\CL.write.1.tlog
E:\MyWechat3.0\MyWechat3.0\Client\Debug\link-cvtres.read.1.tlog
E:\MyWechat3.0\MyWechat3.0\Client\Debug\link-cvtres.write.1.tlog
E:\MyWechat3.0\MyWechat3.0\Client\Debug\link-mt.read.1.tlog
E:\MyWechat3.0\MyWechat3.0\Client\Debug\link-mt.write.1.tlog
E:\MyWechat3.0\MyWechat3.0\Client\Debug\link-rc.read.1.tlog
E:\MyWechat3.0\MyWechat3.0\Client\Debug\link-rc.write.1.tlog
E:\MyWechat3.0\MyWechat3.0\Client\Debug\link.command.1.tlog
E:\MyWechat3.0\MyWechat3.0\Client\Debug\link.read.1.tlog
E:\MyWechat3.0\MyWechat3.0\Client\Debug\link.write.1.tlog
E:\MyWechat3.0\MyWechat3.0\Client\Debug\rc.command.1.tlog
E:\MyWechat3.0\MyWechat3.0\Client\Debug\rc.read.1.tlog
E:\MyWechat3.0\MyWechat3.0\Client\Debug\rc.write.1.tlog
E:\MyWechat3.0\MyWechat3.0\Client\Debug\Client.res
E:\MyWechat3.0\MyWechat3.0\Client\Debug\Client.pch
E:\MyWechat3.0\MyWechat3.0\Client\Debug\vc110.idb
E:\MyWechat3.0\MyWechat3.0\Client\Debug\vc110.pdb
E:\MyWechat3.0\MyWechat3.0\Debug\Client.pdb
E:\MyWechat3.0\MyWechat3.0\Debug\Client.exe
E:\MyWechat3.0\MyWechat3.0\Debug\Client.ilk
