E:\MYWECHAT3.0\MYWECHAT3.0\SERVER\DEBUG\SERVER.PCH
E:\MYWECHAT3.0\MYWECHAT3.0\SERVER\DEBUG\STDAFX.OBJ
E:\MYWECHAT3.0\MYWECHAT3.0\SERVER\DEBUG\VC110.PDB
E:\MYWECHAT3.0\MYWECHAT3.0\SERVER\DEBUG\SERVER.OBJ
E:\MYWECHAT3.0\MYWECHAT3.0\SERVER\DEBUG\SERVERDLG.OBJ
E:\MYWECHAT3.0\MYWECHAT3.0\DEBUG\SERVER.ILK
E:\MYWECHAT3.0\MYWECHAT3.0\DEBUG\SERVER.EXE
E:\MYWECHAT3.0\MYWECHAT3.0\DEBUG\SERVER.PDB
E:\MYWECHAT3.0\MYWECHAT3.0\SERVER\DEBUG\SERVER.RES
E:\MyWechat3.0\MyWechat3.0\Server\Debug\Server.obj
E:\MyWechat3.0\MyWechat3.0\Server\Debug\ServerDlg.obj
E:\MyWechat3.0\MyWechat3.0\Server\Debug\stdafx.obj
E:\MyWechat3.0\MyWechat3.0\Server\Debug\cl.command.1.tlog
E:\MyWechat3.0\MyWechat3.0\Server\Debug\CL.read.1.tlog
E:\MyWechat3.0\MyWechat3.0\Server\Debug\CL.write.1.tlog
E:\MyWechat3.0\MyWechat3.0\Server\Debug\link-cvtres.read.1.tlog
E:\MyWechat3.0\MyWechat3.0\Server\Debug\link-cvtres.write.1.tlog
E:\MyWechat3.0\MyWechat3.0\Server\Debug\link-mt.read.1.tlog
E:\MyWechat3.0\MyWechat3.0\Server\Debug\link-mt.write.1.tlog
E:\MyWechat3.0\MyWechat3.0\Server\Debug\link-rc.read.1.tlog
E:\MyWechat3.0\MyWechat3.0\Server\Debug\link-rc.write.1.tlog
E:\MyWechat3.0\MyWechat3.0\Server\Debug\link.command.1.tlog
E:\MyWechat3.0\MyWechat3.0\Server\Debug\link.read.1.tlog
E:\MyWechat3.0\MyWechat3.0\Server\Debug\link.write.1.tlog
E:\MyWechat3.0\MyWechat3.0\Server\Debug\rc.command.1.tlog
E:\MyWechat3.0\MyWechat3.0\Server\Debug\rc.read.1.tlog
E:\MyWechat3.0\MyWechat3.0\Server\Debug\rc.write.1.tlog
E:\MyWechat3.0\MyWechat3.0\Server\Debug\Server.res
E:\MyWechat3.0\MyWechat3.0\Server\Debug\Server.pch
E:\MyWechat3.0\MyWechat3.0\Server\Debug\vc110.idb
E:\MyWechat3.0\MyWechat3.0\Server\Debug\vc110.pdb
E:\MyWechat3.0\MyWechat3.0\Debug\Server.pdb
E:\MyWechat3.0\MyWechat3.0\Debug\Server.exe
E:\MyWechat3.0\MyWechat3.0\Debug\Server.ilk
